Detecting C compiler ABI info failed to compile with the following output:
Change Dir: /home/mgbdd/template/lab8-0/build/CMakeFiles/CMakeTmp

Run Build Command(s):/usr/bin/ninja cmTC_3e567 && [1/2] Building C object CMakeFiles/cmTC_3e567.dir/CMakeCCompilerABI.c.o
Built by Equation Solution <http://www.Equation.com>.
Using built-in specs.
COLLECT_GCC=gcc.exe
Target: x86_64-w64-mingw32
Configured with: ../gcc-12.1.0/configure --host=x86_64-w64-mingw32 --build=x86_64-unknown-linux-gnu --target=x86_64-w64-mingw32 --prefix=/home/gfortran/gcc-home/binary/mingw32/native/x86_64/gcc/12.1.0 --with-sysroot=/home/gfortran/gcc-home/binary/mingw32/cross/x86_64/gcc/12-20220403 --with-gcc --with-gnu-ld --with-gnu-as --with-ld64=no --with-gmp=/home/gfortran/gcc-home/binary/mingw32/native/x86_64/gmp --with-mpfr=/home/gfortran/gcc-home/binary/mingw32/native/x86_64/mpfr --with-mpc=/home/gfortran/gcc-home/binary/mingw32/native/x86_64/mpc --with-cloog=/home/gfortran/gcc-home/binary/mingw32/native/x86_64/cloog --with-libiconv-prefix=/home/gfortran/gcc-home/binary/mingw32/native/x86_64/libiconv --with-diagnostics-color=auto --enable-cloog-backend=isl --enable-targets=i686-w64-mingw32,x86_64-w64-mingw32 --enable-lto --enable-languages=c,c++,fortran --enable-threads=win32 --enable-static --enable-shared=lto-plugin --enable-plugins --enable-ld=yes --enable-libquadmath --enable-libquadmath-support --enable-libgomp --disable-checking --disable-nls --disable-tls --disable-win32-registry : (reconfigured) ../gcc-12.1.0/configure --host=x86_64-w64-mingw32 --build=x86_64-unknown-linux-gnu --target=x86_64-w64-mingw32 --prefix=/home/gfortran/gcc-home/binary/mingw32/native/x86_64/gcc/12.1.0 --with-sysroot=/home/gfortran/gcc-home/binary/mingw32/cross/x86_64/gcc/12-20220403 --with-gcc --with-gnu-ld --with-gnu-as --with-ld64=no --with-gmp=/home/gfortran/gcc-home/binary/mingw32/native/x86_64/gmp --with-mpfr=/home/gfortran/gcc-home/binary/mingw32/native/x86_64/mpfr --with-mpc=/home/gfortran/gcc-home/binary/mingw32/native/x86_64/mpc --with-cloog=/home/gfortran/gcc-home/binary/mingw32/native/x86_64/cloog --with-libiconv-prefix=/home/gfortran/gcc-home/binary/mingw32/native/x86_64/libiconv --with-diagnostics-color=auto --enable-cloog-backend=isl --enable-targets=i686-w64-mingw32,x86_64-w64-mingw32 --enable-lto --enable-languages=c,c++,fortran --enable-threads=win32 --enable-static --enable-shared=lto-plugin --enable-plugins --enable-ld=yes --enable-libquadmath --enable-libquadmath-support --enable-libgomp --disable-checking --disable-nls --disable-tls --disable-win32-registry
Thread model: win32
Supported LTO compression algorithms: zlib
gcc version 12.1.0 (GCC) 
COLLECT_GCC_OPTIONS='-v' '-o' 'CMakeFiles/cmTC_3e567.dir/CMakeCCompilerABI.c.o' '-c' '-mtune=generic' '-march=x86-64' '-dumpdir' 'CMakeFiles/cmTC_3e567.dir/'
 c:/users/user/gcc/bin/../libexec/gcc/x86_64-w64-mingw32/12.1.0/cc1.exe -quiet -v -iprefix c:\users\user\gcc\bin\../lib/gcc/x86_64-w64-mingw32/12.1.0/ -U_REENTRANT /usr/share/cmake-3.16/Modules/CMakeCCompilerABI.c -quiet -dumpdir CMakeFiles/cmTC_3e567.dir/ -dumpbase CMakeCCompilerABI.c.c -dumpbase-ext .c -mtune=generic -march=x86-64 -version -o C:\Users\user\AppData\Local\Temp\ccQpx6di.s
GNU C17 (GCC) version 12.1.0 (x86_64-w64-mingw32)
	compiled by GNU C version 12.0.1 20220401 (experimental), GMP version 6.2.1, MPFR version 4.1.0, MPC version 1.2.1, isl version none
GGC heuristics: --param ggc-min-expand=100 --param ggc-min-heapsize=131072
ignoring duplicate directory "c:/users/user/gcc/lib/gcc/../../lib/gcc/x86_64-w64-mingw32/12.1.0/include"
ignoring nonexistent directory "/home/gfortran/gcc-home/binary/mingw32/cross/x86_64/gcc/12-20220403/home/gfortran/gcc-home/binary/mingw32/native/x86_64/gcc/12.1.0/lib/gcc/x86_64-w64-mingw32/12.1.0/../../../../include"
ignoring duplicate directory "c:/users/user/gcc/lib/gcc/../../lib/gcc/x86_64-w64-mingw32/12.1.0/include-fixed"
ignoring duplicate directory "c:/users/user/gcc/lib/gcc/../../lib/gcc/x86_64-w64-mingw32/12.1.0/../../../../x86_64-w64-mingw32/include"
ignoring nonexistent directory "/home/gfortran/gcc-home/binary/mingw32/cross/x86_64/gcc/12-20220403/mingw/include"
#include "..." search starts here:
#include <...> search starts here:
 c:\users\user\gcc\bin\../lib/gcc/x86_64-w64-mingw32/12.1.0/include
 c:\users\user\gcc\bin\../lib/gcc/x86_64-w64-mingw32/12.1.0/include-fixed
 c:\users\user\gcc\bin\../lib/gcc/x86_64-w64-mingw32/12.1.0/../../../../x86_64-w64-mingw32/include
End of search list.
GNU C17 (GCC) version 12.1.0 (x86_64-w64-mingw32)
	compiled by GNU C version 12.0.1 20220401 (experimental), GMP version 6.2.1, MPFR version 4.1.0, MPC version 1.2.1, isl version none
GGC heuristics: --param ggc-min-expand=100 --param ggc-min-heapsize=131072
Compiler executable checksum: e354bb1867b3da42870a384a311237dc
COLLECT_GCC_OPTIONS='-v' '-o' 'CMakeFiles/cmTC_3e567.dir/CMakeCCompilerABI.c.o' '-c' '-mtune=generic' '-march=x86-64' '-dumpdir' 'CMakeFiles/cmTC_3e567.dir/'
 c:/users/user/gcc/bin/../lib/gcc/x86_64-w64-mingw32/12.1.0/../../../../x86_64-w64-mingw32/bin/as.exe -v -o CMakeFiles/cmTC_3e567.dir/CMakeCCompilerABI.c.o C:\Users\user\AppData\Local\Temp\ccQpx6di.s
GNU assembler version 2.37 (x86_64-w64-mingw32) using BFD version (GNU Binutils) 2.37
COMPILER_PATH=c:/users/user/gcc/bin/../libexec/gcc/x86_64-w64-mingw32/12.1.0/;c:/users/user/gcc/bin/../libexec/gcc/;c:/users/user/gcc/bin/../lib/gcc/x86_64-w64-mingw32/12.1.0/../../../../x86_64-w64-mingw32/bin/
LIBRARY_PATH=c:/users/user/gcc/bin/../lib/gcc/x86_64-w64-mingw32/12.1.0/;c:/users/user/gcc/bin/../lib/gcc/;c:/users/user/gcc/bin/../lib/gcc/x86_64-w64-mingw32/12.1.0/../../../../x86_64-w64-mingw32/lib/../lib/;c:/users/user/gcc/bin/../lib/gcc/x86_64-w64-mingw32/12.1.0/../../../../lib/;c:/users/user/gcc/bin/../lib/gcc/x86_64-w64-mingw32/12.1.0/../../../../x86_64-w64-mingw32/lib/;c:/users/user/gcc/bin/../lib/gcc/x86_64-w64-mingw32/12.1.0/../../../
COLLECT_GCC_OPTIONS='-v' '-o' 'CMakeFiles/cmTC_3e567.dir/CMakeCCompilerABI.c.o' '-c' '-mtune=generic' '-march=x86-64' '-dumpdir' 'CMakeFiles/cmTC_3e567.dir/CMakeCCompilerABI.c.'
[2/2] Linking C executable cmTC_3e567
Built by Equation Solution <http://www.Equation.com>.
Using built-in specs.
COLLECT_GCC=gcc.exe
COLLECT_LTO_WRAPPER=c:/users/user/gcc/bin/../libexec/gcc/x86_64-w64-mingw32/12.1.0/lto-wrapper.exe
Target: x86_64-w64-mingw32
Configured with: ../gcc-12.1.0/configure --host=x86_64-w64-mingw32 --build=x86_64-unknown-linux-gnu --target=x86_64-w64-mingw32 --prefix=/home/gfortran/gcc-home/binary/mingw32/native/x86_64/gcc/12.1.0 --with-sysroot=/home/gfortran/gcc-home/binary/mingw32/cross/x86_64/gcc/12-20220403 --with-gcc --with-gnu-ld --with-gnu-as --with-ld64=no --with-gmp=/home/gfortran/gcc-home/binary/mingw32/native/x86_64/gmp --with-mpfr=/home/gfortran/gcc-home/binary/mingw32/native/x86_64/mpfr --with-mpc=/home/gfortran/gcc-home/binary/mingw32/native/x86_64/mpc --with-cloog=/home/gfortran/gcc-home/binary/mingw32/native/x86_64/cloog --with-libiconv-prefix=/home/gfortran/gcc-home/binary/mingw32/native/x86_64/libiconv --with-diagnostics-color=auto --enable-cloog-backend=isl --enable-targets=i686-w64-mingw32,x86_64-w64-mingw32 --enable-lto --enable-languages=c,c++,fortran --enable-threads=win32 --enable-static --enable-shared=lto-plugin --enable-plugins --enable-ld=yes --enable-libquadmath --enable-libquadmath-support --enable-libgomp --disable-checking --disable-nls --disable-tls --disable-win32-registry : (reconfigured) ../gcc-12.1.0/configure --host=x86_64-w64-mingw32 --build=x86_64-unknown-linux-gnu --target=x86_64-w64-mingw32 --prefix=/home/gfortran/gcc-home/binary/mingw32/native/x86_64/gcc/12.1.0 --with-sysroot=/home/gfortran/gcc-home/binary/mingw32/cross/x86_64/gcc/12-20220403 --with-gcc --with-gnu-ld --with-gnu-as --with-ld64=no --with-gmp=/home/gfortran/gcc-home/binary/mingw32/native/x86_64/gmp --with-mpfr=/home/gfortran/gcc-home/binary/mingw32/native/x86_64/mpfr --with-mpc=/home/gfortran/gcc-home/binary/mingw32/native/x86_64/mpc --with-cloog=/home/gfortran/gcc-home/binary/mingw32/native/x86_64/cloog --with-libiconv-prefix=/home/gfortran/gcc-home/binary/mingw32/native/x86_64/libiconv --with-diagnostics-color=auto --enable-cloog-backend=isl --enable-targets=i686-w64-mingw32,x86_64-w64-mingw32 --enable-lto --enable-languages=c,c++,fortran --enable-threads=win32 --enable-static --enable-shared=lto-plugin --enable-plugins --enable-ld=yes --enable-libquadmath --enable-libquadmath-support --enable-libgomp --disable-checking --disable-nls --disable-tls --disable-win32-registry
Thread model: win32
Supported LTO compression algorithms: zlib
gcc version 12.1.0 (GCC) 
COMPILER_PATH=c:/users/user/gcc/bin/../libexec/gcc/x86_64-w64-mingw32/12.1.0/;c:/users/user/gcc/bin/../libexec/gcc/;c:/users/user/gcc/bin/../lib/gcc/x86_64-w64-mingw32/12.1.0/../../../../x86_64-w64-mingw32/bin/
LIBRARY_PATH=c:/users/user/gcc/bin/../lib/gcc/x86_64-w64-mingw32/12.1.0/;c:/users/user/gcc/bin/../lib/gcc/;c:/users/user/gcc/bin/../lib/gcc/x86_64-w64-mingw32/12.1.0/../../../../x86_64-w64-mingw32/lib/../lib/;c:/users/user/gcc/bin/../lib/gcc/x86_64-w64-mingw32/12.1.0/../../../../lib/;c:/users/user/gcc/bin/../lib/gcc/x86_64-w64-mingw32/12.1.0/../../../../x86_64-w64-mingw32/lib/;c:/users/user/gcc/bin/../lib/gcc/x86_64-w64-mingw32/12.1.0/../../../
COLLECT_GCC_OPTIONS='-v' '-o' 'cmTC_3e567.exe' '-mtune=generic' '-march=x86-64' '-dumpdir' 'cmTC_3e567.'
 c:/users/user/gcc/bin/../libexec/gcc/x86_64-w64-mingw32/12.1.0/collect2.exe -plugin c:/users/user/gcc/bin/../libexec/gcc/x86_64-w64-mingw32/12.1.0/liblto_plugin.dll -plugin-opt=c:/users/user/gcc/bin/../libexec/gcc/x86_64-w64-mingw32/12.1.0/lto-wrapper.exe -plugin-opt=-fresolution=C:\Users\user\AppData\Local\Temp\ccPWG3Fh.res -plugin-opt=-pass-through=-lmingw32 -plugin-opt=-pass-through=-lgcc -plugin-opt=-pass-through=-lmoldname -plugin-opt=-pass-through=-lmingwex -plugin-opt=-pass-through=-lmsvcrt -plugin-opt=-pass-through=-lkernel32 -plugin-opt=-pass-through=-ladvapi32 -plugin-opt=-pass-through=-lshell32 -plugin-opt=-pass-through=-luser32 -plugin-opt=-pass-through=-lkernel32 -plugin-opt=-pass-through=-lmingw32 -plugin-opt=-pass-through=-lgcc -plugin-opt=-pass-through=-lmoldname -plugin-opt=-pass-through=-lmingwex -plugin-opt=-pass-through=-lmsvcrt -plugin-opt=-pass-through=-lkernel32 --sysroot=/home/gfortran/gcc-home/binary/mingw32/cross/x86_64/gcc/12-20220403 -m i386pep -Bdynamic -o cmTC_3e567.exe c:/users/user/gcc/bin/../lib/gcc/x86_64-w64-mingw32/12.1.0/../../../../x86_64-w64-mingw32/lib/../lib/crt2.o c:/users/user/gcc/bin/../lib/gcc/x86_64-w64-mingw32/12.1.0/crtbegin.o -Lc:/users/user/gcc/bin/../lib/gcc/x86_64-w64-mingw32/12.1.0 -Lc:/users/user/gcc/bin/../lib/gcc -Lc:/users/user/gcc/bin/../lib/gcc/x86_64-w64-mingw32/12.1.0/../../../../x86_64-w64-mingw32/lib/../lib -Lc:/users/user/gcc/bin/../lib/gcc/x86_64-w64-mingw32/12.1.0/../../../../lib -Lc:/users/user/gcc/bin/../lib/gcc/x86_64-w64-mingw32/12.1.0/../../../../x86_64-w64-mingw32/lib -Lc:/users/user/gcc/bin/../lib/gcc/x86_64-w64-mingw32/12.1.0/../../.. CMakeFiles/cmTC_3e567.dir/CMakeCCompilerABI.c.o -lmingw32 -lgcc -lmoldname -lmingwex -lmsvcrt -lkernel32 -ladvapi32 -lshell32 -luser32 -lkernel32 -lmingw32 -lgcc -lmoldname -lmingwex -lmsvcrt -lkernel32 c:/users/user/gcc/bin/../lib/gcc/x86_64-w64-mingw32/12.1.0/crtend.o
COLLECT_GCC_OPTIONS='-v' '-o' 'cmTC_3e567.exe' '-mtune=generic' '-march=x86-64' '-dumpdir' 'cmTC_3e567.'


Cannot copy output executable
  ''
to destination specified by COPY_FILE:
  '/home/mgbdd/template/lab8-0/build/CMakeFiles/3.16.3/CMakeDetermineCompilerABI_C.bin'
Unable to find the executable at any of:
  /home/mgbdd/template/lab8-0/build/CMakeFiles/CMakeTmp/cmTC_3e567
  /home/mgbdd/template/lab8-0/build/CMakeFiles/CMakeTmp/Debug/cmTC_3e567
  /home/mgbdd/template/lab8-0/build/CMakeFiles/CMakeTmp/Development/cmTC_3e567


